<?xml version="1.0" encoding="UTF-8"?>
<testng-results ignored="0" total="1" passed="1" failed="0" skipped="0">
  <reporter-output>
  </reporter-output>
  <suite started-at="2021-12-11T23:47:49 BDT" name="Default suite" finished-at="2021-12-11T23:48:12 BDT" duration-ms="22541">
    <groups>
    </groups>
    <test started-at="2021-12-11T23:47:49 BDT" name="Default test" finished-at="2021-12-11T23:48:12 BDT" duration-ms="22541">
      <class name="PeopleNTech.Automationtraining.AmazonTest">
        <test-method signature="Test()[pri:0, instance:PeopleNTech.Automationtraining.AmazonTest@19d481b]" started-at="2021-12-11T23:47:49 BDT" name="Test" finished-at="2021-12-11T23:48:12 BDT" duration-ms="22476" status="PASS">
          <reporter-output>
          </reporter-output>
        </test-method> <!-- Test -->
      </class> <!-- PeopleNTech.Automationtraining.AmazonTest -->
    </test> <!-- Default test -->
  </suite> <!-- Default suite -->
</testng-results>
