<?xml version="1.0" encoding="UTF-8"?>
<testng-results ignored="0" total="1" passed="1" failed="0" skipped="0">
  <reporter-output>
  </reporter-output>
  <suite started-at="2021-12-09T09:32:26 BDT" name="Default suite" finished-at="2021-12-09T09:32:47 BDT" duration-ms="21014">
    <groups>
    </groups>
    <test started-at="2021-12-09T09:32:26 BDT" name="Default test" finished-at="2021-12-09T09:32:47 BDT" duration-ms="21014">
      <class name="PeopleNTech.Automationtraining.SignInAmazon">
        <test-method is-config="true" signature="beforeMethod()[pri:0, instance:PeopleNTech.Automationtraining.SignInAmazon@34f7cfd9]" started-at="2021-12-09T09:32:26 BDT" name="beforeMethod" finished-at="2021-12-09T09:32:34 BDT" duration-ms="7880" status="PASS">
          <reporter-output>
          </reporter-output>
        </test-method> <!-- beforeMethod -->
        <test-method signature="f()[pri:0, instance:PeopleNTech.Automationtraining.SignInAmazon@34f7cfd9]" started-at="2021-12-09T09:32:34 BDT" name="f" finished-at="2021-12-09T09:32:47 BDT" duration-ms="13068" status="PASS">
          <reporter-output>
          </reporter-output>
        </test-method> <!-- f -->
        <test-method is-config="true" signature="afterMethod()[pri:0, instance:PeopleNTech.Automationtraining.SignInAmazon@34f7cfd9]" started-at="2021-12-09T09:32:47 BDT" name="afterMethod" finished-at="2021-12-09T09:32:47 BDT" duration-ms="1" status="PASS">
          <reporter-output>
          </reporter-output>
        </test-method> <!-- afterMethod -->
      </class> <!-- PeopleNTech.Automationtraining.SignInAmazon -->
    </test> <!-- Default test -->
  </suite> <!-- Default suite -->
</testng-results>
